<?xml version="1.0" encoding="UTF-8"?>
<testng-results ignored="0" total="3" passed="3" failed="0" skipped="0">
  <reporter-output>
    <line>
      <![CDATA[Facebook – log in or sign up]]>
    </line>
    <line>
      <![CDATA[https://en-gb.facebook.com/login/?privacy_mutation_token=eyJ0eXBlIjowLCJjcmVhdGlvbl90aW1lIjoxNjMzNjY2OTM5LCJjYWxsc2l0ZV9pZCI6MzgxMjI5MDc5NTc1OTQ2fQ%3D%3D]]>
    </line>
    <line>
      <![CDATA[Forgotten Password | Can't Log In | Facebook]]>
    </line>
    <line>
      <![CDATA[https://en-gb.facebook.com/login/identify/?ctx=recover&ars=facebook_login&from_login_screen=0]]>
    </line>
    <line>
      <![CDATA[Log in to Facebook]]>
    </line>
    <line>
      <![CDATA[https://en-gb.facebook.com/login/?next=https%3A%2F%2Fen-gb.facebook.com%2Fpages%2Fcreate%2F%3Fref_type%3Dregistration_form]]>
    </line>
  </reporter-output>
  <suite started-at="2021-10-08T09:52:13 IST" name="Suite" finished-at="2021-10-08T09:53:29 IST" duration-ms="76255">
    <groups>
    </groups>
    <test started-at="2021-10-08T09:52:13 IST" name="Test" finished-at="2021-10-08T09:53:29 IST" duration-ms="76255">
      <class name="testng.Testcase1">
        <test-method is-config="true" signature="openApp()[pri:0, instance:testng.Testcase1@55740540]" started-at="2021-10-08T09:52:13 IST" name="openApp" finished-at="2021-10-08T09:52:24 IST" duration-ms="10560" status="PASS">
          <reporter-output>
          </reporter-output>
        </test-method> <!-- openApp -->
        <test-method signature="loing()[pri:0, instance:testng.Testcase1@55740540]" started-at="2021-10-08T09:52:24 IST" name="loing" finished-at="2021-10-08T09:52:33 IST" duration-ms="9258" status="PASS">
          <reporter-output>
            <line>
              <![CDATA[Facebook – log in or sign up]]>
            </line>
            <line>
              <![CDATA[https://en-gb.facebook.com/login/?privacy_mutation_token=eyJ0eXBlIjowLCJjcmVhdGlvbl90aW1lIjoxNjMzNjY2OTM5LCJjYWxsc2l0ZV9pZCI6MzgxMjI5MDc5NTc1OTQ2fQ%3D%3D]]>
            </line>
          </reporter-output>
        </test-method> <!-- loing -->
        <test-method is-config="true" signature="closeApp()[pri:0, instance:testng.Testcase1@55740540]" started-at="2021-10-08T09:52:33 IST" name="closeApp" finished-at="2021-10-08T09:52:37 IST" duration-ms="4235" status="PASS">
          <reporter-output>
          </reporter-output>
        </test-method> <!-- closeApp -->
      </class> <!-- testng.Testcase1 -->
      <class name="testng.Testcase2">
        <test-method is-config="true" signature="openApp()[pri:0, instance:testng.Testcase2@60015ef5]" started-at="2021-10-08T09:52:37 IST" name="openApp" finished-at="2021-10-08T09:52:48 IST" duration-ms="11049" status="PASS">
          <reporter-output>
          </reporter-output>
        </test-method> <!-- openApp -->
        <test-method signature="forgotPassword()[pri:0, instance:testng.Testcase2@60015ef5]" started-at="2021-10-08T09:52:48 IST" name="forgotPassword" finished-at="2021-10-08T09:52:59 IST" duration-ms="10811" status="PASS">
          <reporter-output>
            <line>
              <![CDATA[Forgotten Password | Can't Log In | Facebook]]>
            </line>
            <line>
              <![CDATA[https://en-gb.facebook.com/login/identify/?ctx=recover&ars=facebook_login&from_login_screen=0]]>
            </line>
          </reporter-output>
        </test-method> <!-- forgotPassword -->
        <test-method is-config="true" signature="closeApp()[pri:0, instance:testng.Testcase2@60015ef5]" started-at="2021-10-08T09:52:59 IST" name="closeApp" finished-at="2021-10-08T09:53:03 IST" duration-ms="4454" status="PASS">
          <reporter-output>
          </reporter-output>
        </test-method> <!-- closeApp -->
      </class> <!-- testng.Testcase2 -->
      <class name="testng.Testcase3">
        <test-method is-config="true" signature="openApp()[pri:0, instance:testng.Testcase3@2f54a33d]" started-at="2021-10-08T09:53:03 IST" name="openApp" finished-at="2021-10-08T09:53:08 IST" duration-ms="5108" status="PASS">
          <reporter-output>
          </reporter-output>
        </test-method> <!-- openApp -->
        <test-method signature="createApage()[pri:0, instance:testng.Testcase3@2f54a33d]" started-at="2021-10-08T09:53:08 IST" name="createApage" finished-at="2021-10-08T09:53:24 IST" duration-ms="15812" status="PASS">
          <reporter-output>
            <line>
              <![CDATA[Log in to Facebook]]>
            </line>
            <line>
              <![CDATA[https://en-gb.facebook.com/login/?next=https%3A%2F%2Fen-gb.facebook.com%2Fpages%2Fcreate%2F%3Fref_type%3Dregistration_form]]>
            </line>
          </reporter-output>
        </test-method> <!-- createApage -->
        <test-method is-config="true" signature="closeAPP()[pri:0, instance:testng.Testcase3@2f54a33d]" started-at="2021-10-08T09:53:24 IST" name="closeAPP" finished-at="2021-10-08T09:53:29 IST" duration-ms="4861" status="PASS">
          <reporter-output>
          </reporter-output>
        </test-method> <!-- closeAPP -->
      </class> <!-- testng.Testcase3 -->
    </test> <!-- Test -->
  </suite> <!-- Suite -->
</testng-results>
