<?xml version="1.0" encoding="UTF-8"?>
<testng-results ignored="0" total="1" passed="1" failed="0" skipped="0">
  <reporter-output>
  </reporter-output>
  <suite started-at="2021-10-13T09:52:45 IST" name="Default suite" finished-at="2021-10-13T09:53:05 IST" duration-ms="19660">
    <groups>
    </groups>
    <test started-at="2021-10-13T09:52:45 IST" name="Default test" finished-at="2021-10-13T09:53:05 IST" duration-ms="19660">
      <class name="testng.Test3">
        <test-method is-config="true" signature="openApp()[pri:0, instance:testng.Test3@740773a3]" started-at="2021-10-13T09:52:46 IST" name="openApp" finished-at="2021-10-13T09:53:05 IST" duration-ms="19250" status="PASS">
          <reporter-output>
          </reporter-output>
        </test-method> <!-- openApp -->
        <test-method signature="upload()[pri:0, instance:testng.Test3@740773a3]" started-at="2021-10-13T09:53:05 IST" name="upload" finished-at="2021-10-13T09:53:05 IST" duration-ms="305" status="PASS">
          <reporter-output>
          </reporter-output>
        </test-method> <!-- upload -->
      </class> <!-- testng.Test3 -->
    </test> <!-- Default test -->
  </suite> <!-- Default suite -->
</testng-results>
